f:\CSIKI\PROGRAMING\C++\misc\fraktal_vidi\fraktal_vidi\Debug\kernel.cu.cache
f:\CSIKI\PROGRAMING\C++\misc\fraktal_vidi\fraktal_vidi\Debug\kernel.cu.obj
f:\CSIKI\PROGRAMING\C++\misc\fraktal_vidi\fraktal_vidi\Debug\link-cvtres.read.1.tlog
f:\CSIKI\PROGRAMING\C++\misc\fraktal_vidi\fraktal_vidi\Debug\link-cvtres.write.1.tlog
f:\CSIKI\PROGRAMING\C++\misc\fraktal_vidi\fraktal_vidi\Debug\link-rc.read.1.tlog
f:\CSIKI\PROGRAMING\C++\misc\fraktal_vidi\fraktal_vidi\Debug\link-rc.write.1.tlog
f:\CSIKI\PROGRAMING\C++\misc\fraktal_vidi\fraktal_vidi\Debug\link.1176-cvtres.read.1.tlog
f:\CSIKI\PROGRAMING\C++\misc\fraktal_vidi\fraktal_vidi\Debug\link.1176-cvtres.write.1.tlog
f:\CSIKI\PROGRAMING\C++\misc\fraktal_vidi\fraktal_vidi\Debug\link.1176-rc.read.1.tlog
f:\CSIKI\PROGRAMING\C++\misc\fraktal_vidi\fraktal_vidi\Debug\link.1176-rc.write.1.tlog
f:\CSIKI\PROGRAMING\C++\misc\fraktal_vidi\fraktal_vidi\Debug\link.1176.read.1.tlog
f:\CSIKI\PROGRAMING\C++\misc\fraktal_vidi\fraktal_vidi\Debug\link.1176.write.1.tlog
f:\CSIKI\PROGRAMING\C++\misc\fraktal_vidi\fraktal_vidi\Debug\link.1700-cvtres.read.1.tlog
f:\CSIKI\PROGRAMING\C++\misc\fraktal_vidi\fraktal_vidi\Debug\link.1700-cvtres.write.1.tlog
f:\CSIKI\PROGRAMING\C++\misc\fraktal_vidi\fraktal_vidi\Debug\link.1700-rc.read.1.tlog
f:\CSIKI\PROGRAMING\C++\misc\fraktal_vidi\fraktal_vidi\Debug\link.1700-rc.write.1.tlog
f:\CSIKI\PROGRAMING\C++\misc\fraktal_vidi\fraktal_vidi\Debug\link.1700.read.1.tlog
f:\CSIKI\PROGRAMING\C++\misc\fraktal_vidi\fraktal_vidi\Debug\link.1700.write.1.tlog
f:\CSIKI\PROGRAMING\C++\misc\fraktal_vidi\fraktal_vidi\Debug\link.1880-cvtres.read.1.tlog
f:\CSIKI\PROGRAMING\C++\misc\fraktal_vidi\fraktal_vidi\Debug\link.1880-cvtres.write.1.tlog
f:\CSIKI\PROGRAMING\C++\misc\fraktal_vidi\fraktal_vidi\Debug\link.1880-rc.read.1.tlog
f:\CSIKI\PROGRAMING\C++\misc\fraktal_vidi\fraktal_vidi\Debug\link.1880-rc.write.1.tlog
f:\CSIKI\PROGRAMING\C++\misc\fraktal_vidi\fraktal_vidi\Debug\link.1880.read.1.tlog
f:\CSIKI\PROGRAMING\C++\misc\fraktal_vidi\fraktal_vidi\Debug\link.1880.write.1.tlog
f:\CSIKI\PROGRAMING\C++\misc\fraktal_vidi\fraktal_vidi\Debug\link.1924-cvtres.read.1.tlog
f:\CSIKI\PROGRAMING\C++\misc\fraktal_vidi\fraktal_vidi\Debug\link.1924-cvtres.write.1.tlog
f:\CSIKI\PROGRAMING\C++\misc\fraktal_vidi\fraktal_vidi\Debug\link.1924-rc.read.1.tlog
f:\CSIKI\PROGRAMING\C++\misc\fraktal_vidi\fraktal_vidi\Debug\link.1924-rc.write.1.tlog
f:\CSIKI\PROGRAMING\C++\misc\fraktal_vidi\fraktal_vidi\Debug\link.1924.read.1.tlog
f:\CSIKI\PROGRAMING\C++\misc\fraktal_vidi\fraktal_vidi\Debug\link.1924.write.1.tlog
f:\CSIKI\PROGRAMING\C++\misc\fraktal_vidi\fraktal_vidi\Debug\link.2052-cvtres.read.1.tlog
f:\CSIKI\PROGRAMING\C++\misc\fraktal_vidi\fraktal_vidi\Debug\link.2052-cvtres.write.1.tlog
f:\CSIKI\PROGRAMING\C++\misc\fraktal_vidi\fraktal_vidi\Debug\link.2052-rc.read.1.tlog
f:\CSIKI\PROGRAMING\C++\misc\fraktal_vidi\fraktal_vidi\Debug\link.2052-rc.write.1.tlog
f:\CSIKI\PROGRAMING\C++\misc\fraktal_vidi\fraktal_vidi\Debug\link.2052.read.1.tlog
f:\CSIKI\PROGRAMING\C++\misc\fraktal_vidi\fraktal_vidi\Debug\link.2052.write.1.tlog
f:\CSIKI\PROGRAMING\C++\misc\fraktal_vidi\fraktal_vidi\Debug\link.2060-cvtres.read.1.tlog
f:\CSIKI\PROGRAMING\C++\misc\fraktal_vidi\fraktal_vidi\Debug\link.2060-cvtres.write.1.tlog
f:\CSIKI\PROGRAMING\C++\misc\fraktal_vidi\fraktal_vidi\Debug\link.2060-rc.read.1.tlog
f:\CSIKI\PROGRAMING\C++\misc\fraktal_vidi\fraktal_vidi\Debug\link.2060-rc.write.1.tlog
f:\CSIKI\PROGRAMING\C++\misc\fraktal_vidi\fraktal_vidi\Debug\link.2060.read.1.tlog
f:\CSIKI\PROGRAMING\C++\misc\fraktal_vidi\fraktal_vidi\Debug\link.2060.write.1.tlog
f:\CSIKI\PROGRAMING\C++\misc\fraktal_vidi\fraktal_vidi\Debug\link.2120-cvtres.read.1.tlog
f:\CSIKI\PROGRAMING\C++\misc\fraktal_vidi\fraktal_vidi\Debug\link.2120-cvtres.write.1.tlog
f:\CSIKI\PROGRAMING\C++\misc\fraktal_vidi\fraktal_vidi\Debug\link.2120-rc.read.1.tlog
f:\CSIKI\PROGRAMING\C++\misc\fraktal_vidi\fraktal_vidi\Debug\link.2120-rc.write.1.tlog
f:\CSIKI\PROGRAMING\C++\misc\fraktal_vidi\fraktal_vidi\Debug\link.2120.read.1.tlog
f:\CSIKI\PROGRAMING\C++\misc\fraktal_vidi\fraktal_vidi\Debug\link.2120.write.1.tlog
f:\CSIKI\PROGRAMING\C++\misc\fraktal_vidi\fraktal_vidi\Debug\link.2232-cvtres.read.1.tlog
f:\CSIKI\PROGRAMING\C++\misc\fraktal_vidi\fraktal_vidi\Debug\link.2232-cvtres.write.1.tlog
f:\CSIKI\PROGRAMING\C++\misc\fraktal_vidi\fraktal_vidi\Debug\link.2232-rc.read.1.tlog
f:\CSIKI\PROGRAMING\C++\misc\fraktal_vidi\fraktal_vidi\Debug\link.2232-rc.write.1.tlog
f:\CSIKI\PROGRAMING\C++\misc\fraktal_vidi\fraktal_vidi\Debug\link.2232.read.1.tlog
f:\CSIKI\PROGRAMING\C++\misc\fraktal_vidi\fraktal_vidi\Debug\link.2232.write.1.tlog
f:\CSIKI\PROGRAMING\C++\misc\fraktal_vidi\fraktal_vidi\Debug\link.2552-cvtres.read.1.tlog
f:\CSIKI\PROGRAMING\C++\misc\fraktal_vidi\fraktal_vidi\Debug\link.2552-cvtres.write.1.tlog
f:\CSIKI\PROGRAMING\C++\misc\fraktal_vidi\fraktal_vidi\Debug\link.2552-rc.read.1.tlog
f:\CSIKI\PROGRAMING\C++\misc\fraktal_vidi\fraktal_vidi\Debug\link.2552-rc.write.1.tlog
f:\CSIKI\PROGRAMING\C++\misc\fraktal_vidi\fraktal_vidi\Debug\link.2552.read.1.tlog
f:\CSIKI\PROGRAMING\C++\misc\fraktal_vidi\fraktal_vidi\Debug\link.2552.write.1.tlog
f:\CSIKI\PROGRAMING\C++\misc\fraktal_vidi\fraktal_vidi\Debug\link.2676-cvtres.read.1.tlog
f:\CSIKI\PROGRAMING\C++\misc\fraktal_vidi\fraktal_vidi\Debug\link.2676-cvtres.write.1.tlog
f:\CSIKI\PROGRAMING\C++\misc\fraktal_vidi\fraktal_vidi\Debug\link.2676-rc.read.1.tlog
f:\CSIKI\PROGRAMING\C++\misc\fraktal_vidi\fraktal_vidi\Debug\link.2676-rc.write.1.tlog
f:\CSIKI\PROGRAMING\C++\misc\fraktal_vidi\fraktal_vidi\Debug\link.2676.read.1.tlog
f:\CSIKI\PROGRAMING\C++\misc\fraktal_vidi\fraktal_vidi\Debug\link.2676.write.1.tlog
f:\CSIKI\PROGRAMING\C++\misc\fraktal_vidi\fraktal_vidi\Debug\link.4128-cvtres.read.1.tlog
f:\CSIKI\PROGRAMING\C++\misc\fraktal_vidi\fraktal_vidi\Debug\link.4128-cvtres.write.1.tlog
f:\CSIKI\PROGRAMING\C++\misc\fraktal_vidi\fraktal_vidi\Debug\link.4128-rc.read.1.tlog
f:\CSIKI\PROGRAMING\C++\misc\fraktal_vidi\fraktal_vidi\Debug\link.4128-rc.write.1.tlog
f:\CSIKI\PROGRAMING\C++\misc\fraktal_vidi\fraktal_vidi\Debug\link.4128.read.1.tlog
f:\CSIKI\PROGRAMING\C++\misc\fraktal_vidi\fraktal_vidi\Debug\link.4128.write.1.tlog
f:\CSIKI\PROGRAMING\C++\misc\fraktal_vidi\fraktal_vidi\Debug\link.4200-cvtres.read.1.tlog
f:\CSIKI\PROGRAMING\C++\misc\fraktal_vidi\fraktal_vidi\Debug\link.4200-cvtres.write.1.tlog
f:\CSIKI\PROGRAMING\C++\misc\fraktal_vidi\fraktal_vidi\Debug\link.4200-rc.read.1.tlog
f:\CSIKI\PROGRAMING\C++\misc\fraktal_vidi\fraktal_vidi\Debug\link.4200-rc.write.1.tlog
f:\CSIKI\PROGRAMING\C++\misc\fraktal_vidi\fraktal_vidi\Debug\link.4200.read.1.tlog
f:\CSIKI\PROGRAMING\C++\misc\fraktal_vidi\fraktal_vidi\Debug\link.4200.write.1.tlog
f:\CSIKI\PROGRAMING\C++\misc\fraktal_vidi\fraktal_vidi\Debug\link.4524-cvtres.read.1.tlog
f:\CSIKI\PROGRAMING\C++\misc\fraktal_vidi\fraktal_vidi\Debug\link.4524-cvtres.write.1.tlog
f:\CSIKI\PROGRAMING\C++\misc\fraktal_vidi\fraktal_vidi\Debug\link.4524-rc.read.1.tlog
f:\CSIKI\PROGRAMING\C++\misc\fraktal_vidi\fraktal_vidi\Debug\link.4524-rc.write.1.tlog
f:\CSIKI\PROGRAMING\C++\misc\fraktal_vidi\fraktal_vidi\Debug\link.4524.read.1.tlog
f:\CSIKI\PROGRAMING\C++\misc\fraktal_vidi\fraktal_vidi\Debug\link.4524.write.1.tlog
f:\CSIKI\PROGRAMING\C++\misc\fraktal_vidi\fraktal_vidi\Debug\link.4920-cvtres.read.1.tlog
f:\CSIKI\PROGRAMING\C++\misc\fraktal_vidi\fraktal_vidi\Debug\link.4920-cvtres.write.1.tlog
f:\CSIKI\PROGRAMING\C++\misc\fraktal_vidi\fraktal_vidi\Debug\link.4920-rc.read.1.tlog
f:\CSIKI\PROGRAMING\C++\misc\fraktal_vidi\fraktal_vidi\Debug\link.4920-rc.write.1.tlog
f:\CSIKI\PROGRAMING\C++\misc\fraktal_vidi\fraktal_vidi\Debug\link.4920.read.1.tlog
f:\CSIKI\PROGRAMING\C++\misc\fraktal_vidi\fraktal_vidi\Debug\link.4920.write.1.tlog
f:\CSIKI\PROGRAMING\C++\misc\fraktal_vidi\fraktal_vidi\Debug\link.4992-cvtres.read.1.tlog
f:\CSIKI\PROGRAMING\C++\misc\fraktal_vidi\fraktal_vidi\Debug\link.4992-cvtres.write.1.tlog
f:\CSIKI\PROGRAMING\C++\misc\fraktal_vidi\fraktal_vidi\Debug\link.4992-rc.read.1.tlog
f:\CSIKI\PROGRAMING\C++\misc\fraktal_vidi\fraktal_vidi\Debug\link.4992-rc.write.1.tlog
f:\CSIKI\PROGRAMING\C++\misc\fraktal_vidi\fraktal_vidi\Debug\link.4992.read.1.tlog
f:\CSIKI\PROGRAMING\C++\misc\fraktal_vidi\fraktal_vidi\Debug\link.4992.write.1.tlog
f:\CSIKI\PROGRAMING\C++\misc\fraktal_vidi\fraktal_vidi\Debug\link.5116-cvtres.read.1.tlog
f:\CSIKI\PROGRAMING\C++\misc\fraktal_vidi\fraktal_vidi\Debug\link.5116-cvtres.write.1.tlog
f:\CSIKI\PROGRAMING\C++\misc\fraktal_vidi\fraktal_vidi\Debug\link.5116-rc.read.1.tlog
f:\CSIKI\PROGRAMING\C++\misc\fraktal_vidi\fraktal_vidi\Debug\link.5116-rc.write.1.tlog
f:\CSIKI\PROGRAMING\C++\misc\fraktal_vidi\fraktal_vidi\Debug\link.5116.read.1.tlog
f:\CSIKI\PROGRAMING\C++\misc\fraktal_vidi\fraktal_vidi\Debug\link.5116.write.1.tlog
f:\CSIKI\PROGRAMING\C++\misc\fraktal_vidi\fraktal_vidi\Debug\link.5580-cvtres.read.1.tlog
f:\CSIKI\PROGRAMING\C++\misc\fraktal_vidi\fraktal_vidi\Debug\link.5580-cvtres.write.1.tlog
f:\CSIKI\PROGRAMING\C++\misc\fraktal_vidi\fraktal_vidi\Debug\link.5580-rc.read.1.tlog
f:\CSIKI\PROGRAMING\C++\misc\fraktal_vidi\fraktal_vidi\Debug\link.5580-rc.write.1.tlog
f:\CSIKI\PROGRAMING\C++\misc\fraktal_vidi\fraktal_vidi\Debug\link.5580.read.1.tlog
f:\CSIKI\PROGRAMING\C++\misc\fraktal_vidi\fraktal_vidi\Debug\link.5580.write.1.tlog
f:\CSIKI\PROGRAMING\C++\misc\fraktal_vidi\fraktal_vidi\Debug\link.5656-cvtres.read.1.tlog
f:\CSIKI\PROGRAMING\C++\misc\fraktal_vidi\fraktal_vidi\Debug\link.5656-cvtres.write.1.tlog
f:\CSIKI\PROGRAMING\C++\misc\fraktal_vidi\fraktal_vidi\Debug\link.5656-rc.read.1.tlog
f:\CSIKI\PROGRAMING\C++\misc\fraktal_vidi\fraktal_vidi\Debug\link.5656-rc.write.1.tlog
f:\CSIKI\PROGRAMING\C++\misc\fraktal_vidi\fraktal_vidi\Debug\link.5656.read.1.tlog
f:\CSIKI\PROGRAMING\C++\misc\fraktal_vidi\fraktal_vidi\Debug\link.5656.write.1.tlog
f:\CSIKI\PROGRAMING\C++\misc\fraktal_vidi\fraktal_vidi\Debug\link.5704-cvtres.read.1.tlog
f:\CSIKI\PROGRAMING\C++\misc\fraktal_vidi\fraktal_vidi\Debug\link.5704-cvtres.write.1.tlog
f:\CSIKI\PROGRAMING\C++\misc\fraktal_vidi\fraktal_vidi\Debug\link.5704-rc.read.1.tlog
f:\CSIKI\PROGRAMING\C++\misc\fraktal_vidi\fraktal_vidi\Debug\link.5704-rc.write.1.tlog
f:\CSIKI\PROGRAMING\C++\misc\fraktal_vidi\fraktal_vidi\Debug\link.5704.read.1.tlog
f:\CSIKI\PROGRAMING\C++\misc\fraktal_vidi\fraktal_vidi\Debug\link.5704.write.1.tlog
f:\CSIKI\PROGRAMING\C++\misc\fraktal_vidi\fraktal_vidi\Debug\link.5744-cvtres.read.1.tlog
f:\CSIKI\PROGRAMING\C++\misc\fraktal_vidi\fraktal_vidi\Debug\link.5744-cvtres.write.1.tlog
f:\CSIKI\PROGRAMING\C++\misc\fraktal_vidi\fraktal_vidi\Debug\link.5744-rc.read.1.tlog
f:\CSIKI\PROGRAMING\C++\misc\fraktal_vidi\fraktal_vidi\Debug\link.5744-rc.write.1.tlog
f:\CSIKI\PROGRAMING\C++\misc\fraktal_vidi\fraktal_vidi\Debug\link.5744.read.1.tlog
f:\CSIKI\PROGRAMING\C++\misc\fraktal_vidi\fraktal_vidi\Debug\link.5744.write.1.tlog
f:\CSIKI\PROGRAMING\C++\misc\fraktal_vidi\fraktal_vidi\Debug\link.5756-cvtres.read.1.tlog
f:\CSIKI\PROGRAMING\C++\misc\fraktal_vidi\fraktal_vidi\Debug\link.5756-cvtres.write.1.tlog
f:\CSIKI\PROGRAMING\C++\misc\fraktal_vidi\fraktal_vidi\Debug\link.5756-rc.read.1.tlog
f:\CSIKI\PROGRAMING\C++\misc\fraktal_vidi\fraktal_vidi\Debug\link.5756-rc.write.1.tlog
f:\CSIKI\PROGRAMING\C++\misc\fraktal_vidi\fraktal_vidi\Debug\link.5756.read.1.tlog
f:\CSIKI\PROGRAMING\C++\misc\fraktal_vidi\fraktal_vidi\Debug\link.5756.write.1.tlog
f:\CSIKI\PROGRAMING\C++\misc\fraktal_vidi\fraktal_vidi\Debug\link.592-cvtres.read.1.tlog
f:\CSIKI\PROGRAMING\C++\misc\fraktal_vidi\fraktal_vidi\Debug\link.592-cvtres.write.1.tlog
f:\CSIKI\PROGRAMING\C++\misc\fraktal_vidi\fraktal_vidi\Debug\link.592-rc.read.1.tlog
f:\CSIKI\PROGRAMING\C++\misc\fraktal_vidi\fraktal_vidi\Debug\link.592-rc.write.1.tlog
f:\CSIKI\PROGRAMING\C++\misc\fraktal_vidi\fraktal_vidi\Debug\link.592.read.1.tlog
f:\CSIKI\PROGRAMING\C++\misc\fraktal_vidi\fraktal_vidi\Debug\link.592.write.1.tlog
f:\CSIKI\PROGRAMING\C++\misc\fraktal_vidi\fraktal_vidi\Debug\link.5940-cvtres.read.1.tlog
f:\CSIKI\PROGRAMING\C++\misc\fraktal_vidi\fraktal_vidi\Debug\link.5940-cvtres.write.1.tlog
f:\CSIKI\PROGRAMING\C++\misc\fraktal_vidi\fraktal_vidi\Debug\link.5940-rc.read.1.tlog
f:\CSIKI\PROGRAMING\C++\misc\fraktal_vidi\fraktal_vidi\Debug\link.5940-rc.write.1.tlog
f:\CSIKI\PROGRAMING\C++\misc\fraktal_vidi\fraktal_vidi\Debug\link.5940.read.1.tlog
f:\CSIKI\PROGRAMING\C++\misc\fraktal_vidi\fraktal_vidi\Debug\link.5940.write.1.tlog
f:\CSIKI\PROGRAMING\C++\misc\fraktal_vidi\fraktal_vidi\Debug\link.6208-cvtres.read.1.tlog
f:\CSIKI\PROGRAMING\C++\misc\fraktal_vidi\fraktal_vidi\Debug\link.6208-cvtres.write.1.tlog
f:\CSIKI\PROGRAMING\C++\misc\fraktal_vidi\fraktal_vidi\Debug\link.6208-rc.read.1.tlog
f:\CSIKI\PROGRAMING\C++\misc\fraktal_vidi\fraktal_vidi\Debug\link.6208-rc.write.1.tlog
f:\CSIKI\PROGRAMING\C++\misc\fraktal_vidi\fraktal_vidi\Debug\link.6208.read.1.tlog
f:\CSIKI\PROGRAMING\C++\misc\fraktal_vidi\fraktal_vidi\Debug\link.6208.write.1.tlog
f:\CSIKI\PROGRAMING\C++\misc\fraktal_vidi\fraktal_vidi\Debug\link.6368-cvtres.read.1.tlog
f:\CSIKI\PROGRAMING\C++\misc\fraktal_vidi\fraktal_vidi\Debug\link.6368-cvtres.write.1.tlog
f:\CSIKI\PROGRAMING\C++\misc\fraktal_vidi\fraktal_vidi\Debug\link.6368-rc.read.1.tlog
f:\CSIKI\PROGRAMING\C++\misc\fraktal_vidi\fraktal_vidi\Debug\link.6368-rc.write.1.tlog
f:\CSIKI\PROGRAMING\C++\misc\fraktal_vidi\fraktal_vidi\Debug\link.6368.read.1.tlog
f:\CSIKI\PROGRAMING\C++\misc\fraktal_vidi\fraktal_vidi\Debug\link.6368.write.1.tlog
f:\CSIKI\PROGRAMING\C++\misc\fraktal_vidi\fraktal_vidi\Debug\link.6432-cvtres.read.1.tlog
f:\CSIKI\PROGRAMING\C++\misc\fraktal_vidi\fraktal_vidi\Debug\link.6432-cvtres.write.1.tlog
f:\CSIKI\PROGRAMING\C++\misc\fraktal_vidi\fraktal_vidi\Debug\link.6432-rc.read.1.tlog
f:\CSIKI\PROGRAMING\C++\misc\fraktal_vidi\fraktal_vidi\Debug\link.6432-rc.write.1.tlog
f:\CSIKI\PROGRAMING\C++\misc\fraktal_vidi\fraktal_vidi\Debug\link.6432.read.1.tlog
f:\CSIKI\PROGRAMING\C++\misc\fraktal_vidi\fraktal_vidi\Debug\link.6432.write.1.tlog
f:\CSIKI\PROGRAMING\C++\misc\fraktal_vidi\fraktal_vidi\Debug\link.6772-cvtres.read.1.tlog
f:\CSIKI\PROGRAMING\C++\misc\fraktal_vidi\fraktal_vidi\Debug\link.6772-cvtres.write.1.tlog
f:\CSIKI\PROGRAMING\C++\misc\fraktal_vidi\fraktal_vidi\Debug\link.6772-rc.read.1.tlog
f:\CSIKI\PROGRAMING\C++\misc\fraktal_vidi\fraktal_vidi\Debug\link.6772-rc.write.1.tlog
f:\CSIKI\PROGRAMING\C++\misc\fraktal_vidi\fraktal_vidi\Debug\link.6772.read.1.tlog
f:\CSIKI\PROGRAMING\C++\misc\fraktal_vidi\fraktal_vidi\Debug\link.6772.write.1.tlog
f:\CSIKI\PROGRAMING\C++\misc\fraktal_vidi\fraktal_vidi\Debug\link.6820-cvtres.read.1.tlog
f:\CSIKI\PROGRAMING\C++\misc\fraktal_vidi\fraktal_vidi\Debug\link.6820-cvtres.write.1.tlog
f:\CSIKI\PROGRAMING\C++\misc\fraktal_vidi\fraktal_vidi\Debug\link.6820-rc.read.1.tlog
f:\CSIKI\PROGRAMING\C++\misc\fraktal_vidi\fraktal_vidi\Debug\link.6820-rc.write.1.tlog
f:\CSIKI\PROGRAMING\C++\misc\fraktal_vidi\fraktal_vidi\Debug\link.6820.read.1.tlog
f:\CSIKI\PROGRAMING\C++\misc\fraktal_vidi\fraktal_vidi\Debug\link.6820.write.1.tlog
f:\CSIKI\PROGRAMING\C++\misc\fraktal_vidi\fraktal_vidi\Debug\link.7148-cvtres.read.1.tlog
f:\CSIKI\PROGRAMING\C++\misc\fraktal_vidi\fraktal_vidi\Debug\link.7148-cvtres.write.1.tlog
f:\CSIKI\PROGRAMING\C++\misc\fraktal_vidi\fraktal_vidi\Debug\link.7148-rc.read.1.tlog
f:\CSIKI\PROGRAMING\C++\misc\fraktal_vidi\fraktal_vidi\Debug\link.7148-rc.write.1.tlog
f:\CSIKI\PROGRAMING\C++\misc\fraktal_vidi\fraktal_vidi\Debug\link.7148.read.1.tlog
f:\CSIKI\PROGRAMING\C++\misc\fraktal_vidi\fraktal_vidi\Debug\link.7148.write.1.tlog
f:\CSIKI\PROGRAMING\C++\misc\fraktal_vidi\fraktal_vidi\Debug\link.command.1.tlog
f:\CSIKI\PROGRAMING\C++\misc\fraktal_vidi\fraktal_vidi\Debug\link.read.1.tlog
f:\CSIKI\PROGRAMING\C++\misc\fraktal_vidi\fraktal_vidi\Debug\link.write.1.tlog
F:\CSIKI\PROGRAMING\C++\misc\fraktal_vidi\Debug\fraktal_vidi.pdb
F:\CSIKI\PROGRAMING\C++\misc\fraktal_vidi\Debug\fraktal_vidi.exe
F:\CSIKI\PROGRAMING\C++\misc\fraktal_vidi\Debug\fraktal_vidi.ilk
